[debug] [2021-10-17T07:44:53.074Z] ----------------------------------------------------------------------
[debug] [2021-10-17T07:44:53.075Z] Command:       /usr/local/bin/node /usr/local/bin/firebase init
[debug] [2021-10-17T07:44:53.076Z] CLI Version:   9.20.0
[debug] [2021-10-17T07:44:53.076Z] Platform:      darwin
[debug] [2021-10-17T07:44:53.076Z] Node Version:  v16.3.0
[debug] [2021-10-17T07:44:53.077Z] Time:          Sun Oct 17 2021 13:14:53 GMT+0530 (India Standard Time)
[debug] [2021-10-17T07:44:53.077Z] ----------------------------------------------------------------------
[debug] 
[debug] [2021-10-17T07:44:53.083Z] > command requires scopes: ["email","openid","https://www.googleapis.com/auth/cloudplatformprojects.readonly","https://www.googleapis.com/auth/firebase","https://www.googleapis.com/auth/cloud-platform"]
[debug] [2021-10-17T07:44:53.083Z] > authorizing via signed-in user (safuvanzapz@gmail.com)
[info] 
     ######## #### ########  ######## ########     ###     ######  ########
     ##        ##  ##     ## ##       ##     ##  ##   ##  ##       ##
     ######    ##  ########  ######   ########  #########  ######  ######
     ##        ##  ##    ##  ##       ##     ## ##     ##       ## ##
     ##       #### ##     ## ######## ########  ##     ##  ######  ########

You're about to initialize a Firebase project in this directory:

  /Users/muhammedsafuvan/Documents/ReactSkills/crossroads/netflix

[info] 
=== Project Setup
[info] 
[info] First, let's associate this project directory with a Firebase project.
[info] You can create multiple project aliases by running firebase use --add, 
[info] but for now we'll just set up a default project.
[info] 
[debug] [2021-10-17T07:46:07.087Z] >>> [apiv2][query] GET https://firebase.googleapis.com/v1beta1/projects pageSize=100
[debug] [2021-10-17T07:46:07.883Z] <<< [apiv2][status] GET https://firebase.googleapis.com/v1beta1/projects 200
[debug] [2021-10-17T07:46:07.884Z] <<< [apiv2][body] GET https://firebase.googleapis.com/v1beta1/projects [omitted]
[info] i  Using project mynetflixclonewebsite (MyNetflixCloneWebsite) 
[info] 
=== Database Setup
[info] i  database: ensuring required API firebasedatabase.googleapis.com is enabled... 
[debug] [2021-10-17T07:46:17.861Z] > refreshing access token with scopes: ["email","https://www.googleapis.com/auth/cloud-platform","https://www.googleapis.com/auth/cloudplatformprojects.readonly","https://www.googleapis.com/auth/firebase","openid"]
[debug] [2021-10-17T07:46:17.862Z] >>> HTTP REQUEST POST https://www.googleapis.com/oauth2/v3/token  
 <request body omitted>
[debug] [2021-10-17T07:46:18.036Z] <<< HTTP RESPONSE 200 {"expires":"Mon, 01 Jan 1990 00:00:00 GMT","date":"Sun, 17 Oct 2021 07:46:18 GMT","pragma":"no-cache","cache-control":"no-cache, no-store, max-age=0, must-revalidate","content-type":"application/json; charset=utf-8","vary":"X-Origin, Referer, Origin,Accept-Encoding","server":"scaffolding on HTTPServer2","x-xss-protection":"0","x-frame-options":"SAMEORIGIN","x-content-type-options":"nosniff","alt-svc":"h3=\":443\"; ma=2592000,h3-29=\":443\"; ma=2592000,h3-T051=\":443\"; ma=2592000,h3-Q050=\":443\"; ma=2592000,h3-Q046=\":443\"; ma=2592000,h3-Q043=\":443\"; ma=2592000,quic=\":443\"; ma=2592000; v=\"46,43\"","accept-ranges":"none","transfer-encoding":"chunked"}
[debug] [2021-10-17T07:46:18.084Z] >>> HTTP REQUEST GET https://serviceusage.googleapis.com/v1/projects/mynetflixclonewebsite/services/firebasedatabase.googleapis.com  
 
[debug] [2021-10-17T07:46:19.839Z] <<< HTTP RESPONSE 200 {"content-type":"application/json; charset=UTF-8","vary":"X-Origin, Referer, Origin,Accept-Encoding","date":"Sun, 17 Oct 2021 07:46:19 GMT","server":"ESF","cache-control":"private","x-xss-protection":"0","x-frame-options":"SAMEORIGIN","x-content-type-options":"nosniff","alt-svc":"h3=\":443\"; ma=2592000,h3-29=\":443\"; ma=2592000,h3-T051=\":443\"; ma=2592000,h3-Q050=\":443\"; ma=2592000,h3-Q046=\":443\"; ma=2592000,h3-Q043=\":443\"; ma=2592000,quic=\":443\"; ma=2592000; v=\"46,43\"","accept-ranges":"none","transfer-encoding":"chunked"}
[warn] ⚠  database: missing required API firebasedatabase.googleapis.com. Enabling now... 
[debug] [2021-10-17T07:46:19.843Z] >>> HTTP REQUEST POST https://serviceusage.googleapis.com/v1/projects/mynetflixclonewebsite/services/firebasedatabase.googleapis.com:enable  
 
[debug] [2021-10-17T07:46:21.791Z] <<< HTTP RESPONSE 200 {"content-type":"application/json; charset=UTF-8","vary":"X-Origin, Referer, Origin,Accept-Encoding","date":"Sun, 17 Oct 2021 07:46:21 GMT","server":"ESF","cache-control":"private","x-xss-protection":"0","x-frame-options":"SAMEORIGIN","x-content-type-options":"nosniff","alt-svc":"h3=\":443\"; ma=2592000,h3-29=\":443\"; ma=2592000,h3-T051=\":443\"; ma=2592000,h3-Q050=\":443\"; ma=2592000,h3-Q046=\":443\"; ma=2592000,h3-Q043=\":443\"; ma=2592000,quic=\":443\"; ma=2592000; v=\"46,43\"","accept-ranges":"none","transfer-encoding":"chunked"}
[debug] [2021-10-17T07:46:31.791Z] >>> HTTP REQUEST GET https://serviceusage.googleapis.com/v1/projects/mynetflixclonewebsite/services/firebasedatabase.googleapis.com  
 
[debug] [2021-10-17T07:46:33.460Z] <<< HTTP RESPONSE 200 {"content-type":"application/json; charset=UTF-8","vary":"X-Origin, Referer, Origin,Accept-Encoding","date":"Sun, 17 Oct 2021 07:46:33 GMT","server":"ESF","cache-control":"private","x-xss-protection":"0","x-frame-options":"SAMEORIGIN","x-content-type-options":"nosniff","alt-svc":"h3=\":443\"; ma=2592000,h3-29=\":443\"; ma=2592000,h3-T051=\":443\"; ma=2592000,h3-Q050=\":443\"; ma=2592000,h3-Q046=\":443\"; ma=2592000,h3-Q043=\":443\"; ma=2592000,quic=\":443\"; ma=2592000; v=\"46,43\"","accept-ranges":"none","transfer-encoding":"chunked"}
[info] ✔  database: required API firebasedatabase.googleapis.com is enabled 
[info] 
[debug] [2021-10-17T07:46:33.468Z] > refreshing access token with scopes: []
[debug] [2021-10-17T07:46:33.468Z] >>> HTTP REQUEST POST https://www.googleapis.com/oauth2/v3/token  
 <request body omitted>
[debug] [2021-10-17T07:46:34.630Z] <<< HTTP RESPONSE 200 {"pragma":"no-cache","expires":"Mon, 01 Jan 1990 00:00:00 GMT","cache-control":"no-cache, no-store, max-age=0, must-revalidate","date":"Sun, 17 Oct 2021 07:46:34 GMT","content-type":"application/json; charset=utf-8","vary":"X-Origin, Referer, Origin,Accept-Encoding","server":"scaffolding on HTTPServer2","x-xss-protection":"0","x-frame-options":"SAMEORIGIN","x-content-type-options":"nosniff","alt-svc":"h3=\":443\"; ma=2592000,h3-29=\":443\"; ma=2592000,h3-T051=\":443\"; ma=2592000,h3-Q050=\":443\"; ma=2592000,h3-Q046=\":443\"; ma=2592000,h3-Q043=\":443\"; ma=2592000,quic=\":443\"; ma=2592000; v=\"46,43\"","accept-ranges":"none","transfer-encoding":"chunked"}
[debug] [2021-10-17T07:46:34.671Z] >>> [apiv2][query] GET https://firebase.googleapis.com/v1beta1/projects/mynetflixclonewebsite [none]
[debug] [2021-10-17T07:46:35.070Z] <<< [apiv2][status] GET https://firebase.googleapis.com/v1beta1/projects/mynetflixclonewebsite 200
[debug] [2021-10-17T07:46:35.071Z] <<< [apiv2][body] GET https://firebase.googleapis.com/v1beta1/projects/mynetflixclonewebsite {"projectId":"mynetflixclonewebsite","projectNumber":"132820054241","displayName":"MyNetflixCloneWebsite","name":"projects/mynetflixclonewebsite","resources":{"hostingSite":"mynetflixclonewebsite"},"state":"ACTIVE"}
[info] 
[info] Firebase Realtime Database Security Rules allow you to define how your data should be
[info] structured and when your data can be read from and written to.
[info] 
[info] ✔  Default rules have been written to database.rules.json. 
[info] Future modifications to database.rules.json will update Realtime Database Security Rules when you run
[info] firebase deploy.
[info] 
=== Hosting Setup
[info] 
[info] Your public directory is the folder (relative to your project directory) that
[info] will contain Hosting assets to be uploaded with firebase deploy. If you
[info] have a build process for your assets, use your build's output directory.
[info] 
[debug] [2021-10-17T07:48:08.392Z] >>> [apiv2][query] GET https://www.gstatic.com/firebasejs/releases.json [none]
[debug] [2021-10-17T07:48:08.511Z] <<< [apiv2][status] GET https://www.gstatic.com/firebasejs/releases.json 200
[debug] [2021-10-17T07:48:08.512Z] <<< [apiv2][body] GET https://www.gstatic.com/firebasejs/releases.json {"current":{"version":"9.1.3","browserURL":"https://www.gstatic.com/firebasejs/9.1.3/firebase.js","packageURL":"https://www.gstatic.com/firebasejs/9.1.3/firebase.tgz"},"live":{"version":"9.1","browserURL":"https://www.gstatic.com/firebasejs/live/9.1/firebase.js","packageURL":"https://www.gstatic.com/firebasejs/live/9.1/firebase.tgz"},"components":{"analytics":"https://www.gstatic.com/firebasejs/9.1.3/firebase-analytics.js","app":"https://www.gstatic.com/firebasejs/9.1.3/firebase-app.js","app-check":"https://www.gstatic.com/firebasejs/9.1.3/firebase-app-check.js","auth":"https://www.gstatic.com/firebasejs/9.1.3/firebase-auth.js","auth/cordova":"https://www.gstatic.com/firebasejs/9.1.3/firebase-auth/cordova.js","auth/react-native":"https://www.gstatic.com/firebasejs/9.1.3/firebase-auth/react-native.js","functions":"https://www.gstatic.com/firebasejs/9.1.3/firebase-functions.js","firestore":"https://www.gstatic.com/firebasejs/9.1.3/firebase-firestore.js","firestore/lite":"https://www.gstatic.com/firebasejs/9.1.3/firebase-firestore/lite.js","storage":"https://www.gstatic.com/firebasejs/9.1.3/firebase-storage.js","performance":"https://www.gstatic.com/firebasejs/9.1.3/firebase-performance.js","remote-config":"https://www.gstatic.com/firebasejs/9.1.3/firebase-remote-config.js","messaging":"https://www.gstatic.com/firebasejs/9.1.3/firebase-messaging.js","messaging/sw":"https://www.gstatic.com/firebasejs/9.1.3/firebase-messaging/sw.js","database":"https://www.gstatic.com/firebasejs/9.1.3/firebase-database.js","firestore.memory":"https://www.gstatic.com/firebasejs/9.1.3/firebase-firestore.memory.js"}}
[info] ✔  Wrote build/index.html 
[info] 
[info] i  Detected a .git folder at /Users/muhammedsafuvan/Documents/ReactSkills/crossroads/netflix 
[info] i  Authorizing with GitHub to upload your service account to a GitHub repository's secrets store. 
[info] 
[info] Visit this URL on this device to log in:
[info] https://github.com/login/oauth/authorize?client_id=89cf50f02ac6aaed3484&state=239337928&redirect_uri=http%3A%2F%2Flocalhost%3A9005&scope=read%3Auser%20repo%20public_repo
[info] 
[info] Waiting for authentication...
[debug] [2021-10-17T07:48:26.774Z] >>> HTTP REQUEST POST https://github.com/login/oauth/access_token  
 {"client_id":"89cf50f02ac6aaed3484","client_secret":"3330d14abc895d9a74d5f17cd7a00711fa2c5bf0","code":"c9bf8d174b7998126c89","redirect_uri":"http://localhost:9005","state":"239337928"}
[debug] [2021-10-17T07:48:27.145Z] <<< HTTP RESPONSE 200 {"server":"GitHub.com","date":"Sun, 17 Oct 2021 07:48:27 GMT","content-type":"application/json; charset=utf-8","transfer-encoding":"chunked","vary":"X-PJAX, X-PJAX-Container, Accept-Encoding, Accept, X-Requested-With","permissions-policy":"interest-cohort=()","etag":"W/\"20a828415b0a26f6682d90f8ff5d46e8\"","cache-control":"max-age=0, private, must-revalidate","strict-transport-security":"max-age=31536000; includeSubdomains; preload","x-frame-options":"deny","x-content-type-options":"nosniff","x-xss-protection":"0","referrer-policy":"origin-when-cross-origin, strict-origin-when-cross-origin","expect-ct":"max-age=2592000, report-uri=\"https://api.github.com/_private/browser/errors\"","content-security-policy":"default-src 'none'; base-uri 'self'; block-all-mixed-content; child-src github.com/assets-cdn/worker/ gist.github.com/assets-cdn/worker/; connect-src 'self' uploads.github.com objects-origin.githubusercontent.com www.githubstatus.com collector.githubapp.com api.github.com github-cloud.s3.amazonaws.com github-production-repository-file-5c1aeb.s3.amazonaws.com github-production-upload-manifest-file-7fdce7.s3.amazonaws.com github-production-user-asset-6210df.s3.amazonaws.com cdn.optimizely.com logx.optimizely.com/v1/events translator.github.com wss://alive.github.com; font-src github.githubassets.com; form-action 'self' github.com gist.github.com objects-origin.githubusercontent.com; frame-ancestors 'none'; frame-src render.githubusercontent.com viewscreen.githubusercontent.com; img-src 'self' data: github.githubassets.com identicons.github.com collector.githubapp.com github-cloud.s3.amazonaws.com secured-user-images.githubusercontent.com/ *.githubusercontent.com; manifest-src 'self'; media-src github.com user-images.githubusercontent.com/; script-src github.githubassets.com; style-src 'unsafe-inline' github.githubassets.com; worker-src github.com/assets-cdn/worker/ gist.github.com/assets-cdn/worker/","x-github-request-id":"D2C4:464B:5F274:1003A1:616BD54A"}
[debug] [2021-10-17T07:48:27.153Z] >>> [apiv2][query] GET https://api.github.com/user [none]
[debug] [2021-10-17T07:48:27.606Z] <<< [apiv2][status] GET https://api.github.com/user 200
[debug] [2021-10-17T07:48:27.607Z] <<< [apiv2][body] GET https://api.github.com/user {"login":"muhammedsafuvan","id":72472792,"node_id":"MDQ6VXNlcjcyNDcyNzky","avatar_url":"https://avatars.githubusercontent.com/u/72472792?v=4","gravatar_id":"","url":"https://api.github.com/users/muhammedsafuvan","html_url":"https://github.com/muhammedsafuvan","followers_url":"https://api.github.com/users/muhammedsafuvan/followers","following_url":"https://api.github.com/users/muhammedsafuvan/following{/other_user}","gists_url":"https://api.github.com/users/muhammedsafuvan/gists{/gist_id}","starred_url":"https://api.github.com/users/muhammedsafuvan/starred{/owner}{/repo}","subscriptions_url":"https://api.github.com/users/muhammedsafuvan/subscriptions","organizations_url":"https://api.github.com/users/muhammedsafuvan/orgs","repos_url":"https://api.github.com/users/muhammedsafuvan/repos","events_url":"https://api.github.com/users/muhammedsafuvan/events{/privacy}","received_events_url":"https://api.github.com/users/muhammedsafuvan/received_events","type":"User","site_admin":false,"name":"Muhammed Safuvan","company":null,"blog":"","location":null,"email":null,"hireable":null,"bio":"Dev.","twitter_username":null,"public_repos":7,"public_gists":0,"followers":7,"following":7,"created_at":"2020-10-06T21:06:54Z","updated_at":"2021-10-17T07:48:15Z","private_gists":0,"total_private_repos":2,"owned_private_repos":2,"disk_usage":14201,"collaborators":1,"two_factor_authentication":false,"plan":{"name":"free","space":976562499,"collaborators":0,"private_repos":10000}}
[info] 
[info] ✔  Success! Logged into GitHub as muhammedsafuvan 
[info] 
